<?xml version="1.0" encoding="UTF-8"?>
<!-- Generated by org.testng.reporters.JUnitReportReporter -->
<testsuite hostname="ITMES5CD1477L8Y" failures="0" tests="2" name="web.Prueba" time="37.149" errors="0" timestamp="2024-07-24T11:19:52 CEST" skipped="0">
  <testcase classname="web.Prueba" name="TC001_Elements1" time="17.897"/>
  <system-out/>
  <testcase classname="web.Prueba" name="TC002_Elements2" time="19.252"/>
  <system-out/>
</testsuite> <!-- web.Prueba -->
